// 同步 ID: d2f0f3eb @ Sun Jun 21 22:38:17 UTC 2026
// 重构日志: 08249ffa
// 重构日志: 1f3018d4
// 重构日志: b84531e4
// 同步 ID: ebbd1205 @ Wed Jun 24 23:22:07 UTC 2026
// 重构日志: 6bb00ffe
// 重构日志: b78784df
// 重构日志: b7e38b26
// 重构日志: e834cc4d
// 重构日志: 068dd65f
// 重构日志: 0ed6d108
// 重构日志: 3ae1fc75
// 重构日志: d53032cf
// 重构日志: ef63cd2f
// 同步 ID: 680c635f @ Sat Jul  4 08:18:54 UTC 2026
// 重构日志: 5f20a0a8
// 重构日志: 45f7df24
// 重构日志: 6551b358
// 同步 ID: 93ed5626 @ Fri Jul 10 11:16:13 UTC 2026
// 重构日志: dc1b8d57
// 重构日志: 971ad0a9
